0 info it worked if it ends with ok
1 verbose cli [ 'node', '/usr/local/bin/npm', 'start' ]
2 info using npm@1.1.65
3 info using node@v0.8.14
4 verbose read json /Users/wb/Documents/chat.js/package.json
5 verbose run-script [ 'prestart', 'start', 'poststart' ]
6 info prestart chat.js@0.1.0
7 info start chat.js@0.1.0
8 verbose unsafe-perm in lifecycle true
9 silly exec sh "-c" "node app"
10 silly sh,-c,node app,/Users/wb/Documents/chat.js spawning
11 info chat.js@0.1.0 Failed to exec start script
12 error chat.js@0.1.0 start: `node app`
12 error `sh "-c" "node app"` failed with 1
13 error Failed at the chat.js@0.1.0 start script.
13 error This is most likely a problem with the chat.js package,
13 error not with npm itself.
13 error Tell the author that this fails on your system:
13 error     node app
13 error You can get their info via:
13 error     npm owner ls chat.js
13 error There is likely additional logging output above.
14 error System Darwin 12.0.0
15 error command "node" "/usr/local/bin/npm" "start"
16 error cwd /Users/wb/Documents/chat.js
17 error node -v v0.8.14
18 error npm -v 1.1.65
19 error code ELIFECYCLE
20 verbose exit [ 1, true ]
